{"./lib/index.js":{"path":"./lib/index.js","s":{"1":1,"2":1,"3":1,"4":1,"5":1,"6":1,"7":6,"8":0,"9":6,"10":0,"11":6,"12":6,"13":6,"14":6,"15":6,"16":6,"17":6,"18":57,"19":5,"20":5,"21":6,"22":6},"b":{"1":[0,6],"2":[0,6],"3":[5,52]},"f":{"1":6,"2":57},"fnMap":{"1":{"name":"(anonymous_1)","line":7,"loc":{"start":{"line":7,"column":17},"end":{"line":7,"column":32}}},"2":{"name":"(anonymous_2)","line":30,"loc":{"start":{"line":30,"column":30},"end":{"line":30,"column":45}}}},"statementMap":{"1":{"start":{"line":1,"column":0},"end":{"line":1,"column":44}},"2":{"start":{"line":2,"column":0},"end":{"line":2,"column":29}},"3":{"start":{"line":3,"column":0},"end":{"line":3,"column":25}},"4":{"start":{"line":4,"column":0},"end":{"line":4,"column":27}},"5":{"start":{"line":5,"column":0},"end":{"line":5,"column":49}},"6":{"start":{"line":7,"column":0},"end":{"line":40,"column":2}},"7":{"start":{"line":8,"column":2},"end":{"line":10,"column":3}},"8":{"start":{"line":9,"column":4},"end":{"line":9,"column":13}},"9":{"start":{"line":12,"column":2},"end":{"line":14,"column":3}},"10":{"start":{"line":13,"column":4},"end":{"line":13,"column":66}},"11":{"start":{"line":17,"column":2},"end":{"line":17,"column":30}},"12":{"start":{"line":19,"column":2},"end":{"line":23,"column":5}},"13":{"start":{"line":24,"column":2},"end":{"line":24,"column":15}},"14":{"start":{"line":25,"column":2},"end":{"line":25,"column":72}},"15":{"start":{"line":26,"column":2},"end":{"line":26,"column":76}},"16":{"start":{"line":28,"column":2},"end":{"line":28,"column":27}},"17":{"start":{"line":30,"column":2},"end":{"line":35,"column":5}},"18":{"start":{"line":31,"column":4},"end":{"line":34,"column":5}},"19":{"start":{"line":32,"column":6},"end":{"line":32,"column":54}},"20":{"start":{"line":33,"column":6},"end":{"line":33,"column":25}},"21":{"start":{"line":37,"column":2},"end":{"line":37,"column":63}},"22":{"start":{"line":39,"column":2},"end":{"line":39,"column":16}}},"branchMap":{"1":{"line":8,"type":"if","locations":[{"start":{"line":8,"column":2},"end":{"line":8,"column":2}},{"start":{"line":8,"column":2},"end":{"line":8,"column":2}}]},"2":{"line":12,"type":"if","locations":[{"start":{"line":12,"column":2},"end":{"line":12,"column":2}},{"start":{"line":12,"column":2},"end":{"line":12,"column":2}}]},"3":{"line":31,"type":"if","locations":[{"start":{"line":31,"column":4},"end":{"line":31,"column":4}},{"start":{"line":31,"column":4},"end":{"line":31,"column":4}}]}}},"./lib/nconf-truth.js":{"path":"./lib/nconf-truth.js","s":{"1":1,"2":1,"3":1,"4":6,"5":6,"6":6,"7":456,"8":456,"9":0,"10":0,"11":0,"12":6,"13":6,"14":1,"15":5,"16":1,"17":6,"18":6,"19":0,"20":6,"21":6},"b":{"1":[456,0],"2":[456,456],"3":[456,451],"4":[0,0],"5":[0,0],"6":[1,5],"7":[1,4],"8":[6,0]},"f":{"1":6,"2":456,"3":6},"fnMap":{"1":{"name":"(anonymous_1)","line":8,"loc":{"start":{"line":8,"column":30},"end":{"line":8,"column":42}}},"2":{"name":"(anonymous_2)","line":12,"loc":{"start":{"line":12,"column":34},"end":{"line":12,"column":49}}},"3":{"name":"(anonymous_3)","line":22,"loc":{"start":{"line":22,"column":13},"end":{"line":22,"column":28}}}},"statementMap":{"1":{"start":{"line":5,"column":0},"end":{"line":5,"column":29}},"2":{"start":{"line":6,"column":0},"end":{"line":6,"column":47}},"3":{"start":{"line":8,"column":0},"end":{"line":39,"column":2}},"4":{"start":{"line":9,"column":2},"end":{"line":9,"column":18}},"5":{"start":{"line":11,"column":2},"end":{"line":11,"column":24}},"6":{"start":{"line":12,"column":2},"end":{"line":35,"column":5}},"7":{"start":{"line":13,"column":4},"end":{"line":15,"column":5}},"8":{"start":{"line":14,"column":6},"end":{"line":14,"column":73}},"9":{"start":{"line":17,"column":4},"end":{"line":19,"column":5}},"10":{"start":{"line":18,"column":6},"end":{"line":18,"column":35}},"11":{"start":{"line":21,"column":4},"end":{"line":21,"column":72}},"12":{"start":{"line":23,"column":4},"end":{"line":23,"column":33}},"13":{"start":{"line":24,"column":4},"end":{"line":28,"column":5}},"14":{"start":{"line":25,"column":6},"end":{"line":25,"column":19}},"15":{"start":{"line":26,"column":11},"end":{"line":28,"column":5}},"16":{"start":{"line":27,"column":6},"end":{"line":27,"column":20}},"17":{"start":{"line":30,"column":4},"end":{"line":34,"column":5}},"18":{"start":{"line":31,"column":6},"end":{"line":31,"column":75}},"19":{"start":{"line":33,"column":6},"end":{"line":33,"column":27}},"20":{"start":{"line":37,"column":2},"end":{"line":37,"column":23}},"21":{"start":{"line":38,"column":2},"end":{"line":38,"column":20}}},"branchMap":{"1":{"line":13,"type":"if","locations":[{"start":{"line":13,"column":4},"end":{"line":13,"column":4}},{"start":{"line":13,"column":4},"end":{"line":13,"column":4}}]},"2":{"line":13,"type":"binary-expr","locations":[{"start":{"line":13,"column":8},"end":{"line":13,"column":18}},{"start":{"line":13,"column":22},"end":{"line":13,"column":43}}]},"3":{"line":14,"type":"binary-expr","locations":[{"start":{"line":14,"column":13},"end":{"line":14,"column":34}},{"start":{"line":14,"column":38},"end":{"line":14,"column":72}}]},"4":{"line":17,"type":"if","locations":[{"start":{"line":17,"column":4},"end":{"line":17,"column":4}},{"start":{"line":17,"column":4},"end":{"line":17,"column":4}}]},"5":{"line":21,"type":"binary-expr","locations":[{"start":{"line":21,"column":11},"end":{"line":21,"column":33}},{"start":{"line":21,"column":37},"end":{"line":21,"column":71}}]},"6":{"line":24,"type":"if","locations":[{"start":{"line":24,"column":4},"end":{"line":24,"column":4}},{"start":{"line":24,"column":4},"end":{"line":24,"column":4}}]},"7":{"line":26,"type":"if","locations":[{"start":{"line":26,"column":11},"end":{"line":26,"column":11}},{"start":{"line":26,"column":11},"end":{"line":26,"column":11}}]},"8":{"line":30,"type":"if","locations":[{"start":{"line":30,"column":4},"end":{"line":30,"column":4}},{"start":{"line":30,"column":4},"end":{"line":30,"column":4}}]}}}}